This file contains any messages produced by compilers while
running configure, to aid debugging if configure makes a mistake.

It was created by configure, which was
generated by GNU Autoconf 2.69.  Invocation command line was

  $ ./configure 

## --------- ##
## Platform. ##
## --------- ##

hostname = scada
uname -m = x86_64
uname -r = 4.9.0-12-amd64
uname -s = Linux
uname -v = #1 SMP Debian 4.9.210-1+deb9u1 (2020-06-07)

/usr/bin/uname -p = unknown
/bin/uname -X     = unknown

/bin/arch              = unknown
/usr/bin/arch -k       = unknown
/usr/convex/getsysinfo = unknown
/usr/bin/hostinfo      = unknown
/bin/machine           = unknown
/usr/bin/oslevel       = unknown
/bin/universe          = unknown

PATH: /opt/GNAT/2019/bin
PATH: /usr/local/sbin
PATH: /usr/local/bin
PATH: /usr/sbin
PATH: /usr/bin
PATH: /sbin
PATH: /bin


## ----------- ##
## Core tests. ##
## ----------- ##

configure:2192: checking for gcc
configure:2208: found /opt/GNAT/2019/bin/gcc
configure:2219: result: gcc
configure:2448: checking for C compiler version
configure:2457: gcc --version >&5
gcc (GCC) 8.3.1 20190518 (for GNAT Community 2019 20190517)
Copyright (C) 2018 Free Software Foundation, Inc.
This is free software; see the source for copying conditions.
See your AdaCore support agreement for details of warranty and support.
If you do not have a current support agreement, then there is absolutely
no warranty; not even for MERCHANTABILITY or FITNESS FOR A PARTICULAR
PURPOSE.

configure:2468: $? = 0
configure:2457: gcc -v >&5
Using built-in specs.
COLLECT_GCC=gcc
COLLECT_LTO_WRAPPER=/opt/GNAT/2019/bin/../libexec/gcc/x86_64-pc-linux-gnu/8.3.1/lto-wrapper
OFFLOAD_TARGET_NAMES=nvptx-none
Target: x86_64-pc-linux-gnu
Configured with: ../src/configure --enable-languages=ada,c,c++ --enable-dual-exceptions --enable-offload-targets=nvptx-none --enable-_cxa_atexit --enable-threads=posix --with-bugurl=URL:mailto:report@adacore.com --disable-nls --without-libiconv-prefix --disable-libstdcxx-pch --disable-libada --enable-checking=release --disable-multilib --with-mpfr=/it/sbx/a2c2/x86_64-linux/mpfr_stable-c/install --with-gmp=/it/sbx/a2c2/x86_64-linux/gmp_stable-c/install --with-mpc=/it/sbx/a2c2/x86_64-linux/mpc_stable-c/install --with-build-time-tools=/it/sbx/a2c2/x86_64-linux/gcc-c/build/buildtools/bin --prefix=/it/sbx/a2c2/x86_64-linux/gcc-c/pkg --build=x86_64-pc-linux-gnu
Thread model: posix
gcc version 8.3.1 20190518 (for GNAT Community 2019 20190517) (GCC) 
configure:2468: $? = 0
configure:2457: gcc -V >&5
gcc: error: unrecognized command line option '-V'
gcc: fatal error: no input files
compilation terminated.
configure:2468: $? = 1
configure:2457: gcc -qversion >&5
gcc: error: unrecognized command line option '-qversion'; did you mean '--version'?
gcc: fatal error: no input files
compilation terminated.
configure:2468: $? = 1
configure:2488: checking whether the C compiler works
configure:2510: gcc    conftest.c  >&5
configure:2514: $? = 0
configure:2562: result: yes
configure:2565: checking for C compiler default output file name
configure:2567: result: a.out
configure:2573: checking for suffix of executables
configure:2580: gcc -o conftest    conftest.c  >&5
configure:2584: $? = 0
configure:2606: result: 
configure:2628: checking whether we are cross compiling
configure:2636: gcc -o conftest    conftest.c  >&5
configure:2640: $? = 0
configure:2647: ./conftest
configure:2651: $? = 0
configure:2666: result: no
configure:2671: checking for suffix of object files
configure:2693: gcc -c   conftest.c >&5
configure:2697: $? = 0
configure:2718: result: o
configure:2722: checking whether we are using the GNU C compiler
configure:2741: gcc -c   conftest.c >&5
configure:2741: $? = 0
configure:2750: result: yes
configure:2759: checking whether gcc accepts -g
configure:2779: gcc -c -g  conftest.c >&5
configure:2779: $? = 0
configure:2820: result: yes
configure:2837: checking for gcc option to accept ISO C89
configure:2900: gcc  -c -g -O2  conftest.c >&5
configure:2900: $? = 0
configure:2913: result: none needed
configure:2942: checking for pandoc
configure:2972: result: no
configure:2979: checking for dynamo
configure:3009: result: no
configure:3048: checking build system type
configure:3062: result: x86_64-pc-linux-gnu
configure:3082: checking host system type
configure:3095: result: x86_64-pc-linux-gnu
configure:3115: checking target system type
configure:3128: result: x86_64-pc-linux-gnu
configure:3168: checking for a BSD-compatible install
configure:3236: result: /usr/bin/install -c
configure:3290: checking for gprbuild
configure:3306: found /opt/GNAT/2019/bin/gprbuild
configure:3317: result: gprbuild
configure:3385: checking for gprclean
configure:3401: found /opt/GNAT/2019/bin/gprclean
configure:3412: result: gprclean
configure:3476: checking for gprinstall
configure:3492: found /opt/GNAT/2019/bin/gprinstall
configure:3503: result: gprinstall
configure:3520: checking for gnat
configure:3536: found /opt/GNAT/2019/bin/gnat
configure:3547: result: gnat
configure:3567: checking whether make sets $(MAKE)
configure:3589: result: yes
configure:3599: checking whether ln -s works
configure:3603: result: yes
configure:3611: checking shared library support
configure:3630: result: no
configure:3635: checking default library type
configure:3642: result: static
configure:3647: checking distribution build
configure:3666: result: yes
configure:3675: checking coverage support
configure:3686: result: no
configure:3698: checking number of processors
configure:3707: result: 1
configure:3713: checking preparing for GNAT project utilada_core
configure:3716: result: done
configure:3721: checking preparing for GNAT project utilada_base
configure:3724: result: done
configure:3728: checking preparing for GNAT project utilada_sys
configure:3731: result: done
configure:3737: checking operating system
configure:3772: result: linux
configure:3775: checking hardware platform
configure:3802: result: x86_64
configure:3808: checking whether platform supports atomic inc/dec
configure:3832: gnatchop -q conftest.ada && gnatmake check.adb >/dev/null 2>conftest.out
configure:3835: $? = 0
configure:3840: result: yes
configure:3857: checking specific processor support
configure:3872: result: using intrinsic
configure:3886: checking whether utilgen support is required
configure:3889: result: no
configure:4378: checking whether xmlada_sax project exists
configure:4386: gnat ls -Pconftest.gpr  system.ads > /dev/null 2>conftest.out
configure:4389: $? = 0
configure:4399: result: yes
configure:4430: checking XML/Ada version
configure:4471: result: 4
configure:4490: checking preparing for GNAT project utilada_xml
configure:4493: result: done
configure:4522: checking whether lzmada project exists
configure:4530: gnat ls -Pconftest.gpr  system.ads > /dev/null 2>conftest.out
configure:4533: $? = 4
configure:4543: result: no
configure:4553: checking Ada LZMA support is enabled
configure:4563: result: no
configure:4722: checking traceback in log exceptions
configure:4733: result: yes
configure:4762: checking whether AUnit support is enabled
configure:4764: result: no
configure:4767: checking whether Ahven internal support is enabled
configure:4769: result: yes
configure:4831: checking curl HTTP client support in Ada Util
configure:4842: result: yes
configure:4846: checking for curl_easy_perform in -lcurl
configure:4871: gcc -o conftest -g -O2   conftest.c -lcurl   >&5
/opt/GNAT/2019/bin/../libexec/gcc/x86_64-pc-linux-gnu/8.3.1/ld: cannot find -lcurl
collect2: error: ld returned 1 exit status
configure:4871: $? = 1
configure: failed program was:
| /* confdefs.h */
| #define PACKAGE_NAME ""
| #define PACKAGE_TARNAME ""
| #define PACKAGE_VERSION ""
| #define PACKAGE_STRING ""
| #define PACKAGE_BUGREPORT ""
| #define PACKAGE_URL ""
| /* end confdefs.h.  */
| 
| /* Override any GCC internal prototype to avoid an error.
|    Use char because int might match the return type of a GCC
|    builtin and then its argument prototype would still apply.  */
| #ifdef __cplusplus
| extern "C"
| #endif
| char curl_easy_perform ();
| int
| main ()
| {
| return curl_easy_perform ();
|   ;
|   return 0;
| }
configure:4881: result: no
configure:4893: checking preparing for GNAT project utilada_curl
configure:4896: result: done
configure:4916: checking AWS support is enabled
configure:4918: result: yes
configure:4935: checking whether aws project exists
configure:4943: gnat ls -Pconftest.gpr  system.ads > /dev/null 2>conftest.out
configure:4946: $? = 0
configure:4956: result: yes
configure:4978: checking preparing for GNAT project utilada_aws
configure:4981: result: done
configure:4986: checking checking AWS version
configure:5010: gnatmake -Pconftest.gpr >/dev/null 2>conftest.out
configure:5013: $? = 0
configure:5024: result: 2019
configure:5031: checking using AWS http client
configure:5051: result: 2
configure:5067: checking for additional linker options for libutilada
configure:5075: result: none
configure:5086: checking for additional linker options for libutilada_curl
configure:5094: result: none
configure:5293: checking installation of Ada source files
configure:5295: result: <prefix>/include
configure:5298: checking installation of Ada ALI files
configure:5300: result: <prefix>/lib
configure:5303: checking installation of library files
configure:5305: result: <prefix>/lib
configure:5308: checking installation of GNAT project files
configure:5310: result: <prefix>/lib/gnat
configure:5482: creating ./config.status

## ---------------------- ##
## Running config.status. ##
## ---------------------- ##

This file was extended by config.status, which was
generated by GNU Autoconf 2.69.  Invocation command line was

  CONFIG_FILES    = 
  CONFIG_HEADERS  = 
  CONFIG_LINKS    = 
  CONFIG_COMMANDS = 
  $ ./config.status 

on scada

config.status:793: creating Makefile.conf
config.status:793: creating utilada.gpr
config.status:793: creating utilada_http.gpr
config.status:793: creating utilada_unit.gpr
config.status:793: creating utilada_xml.gpr
config.status:793: creating utilada_lzma.gpr
config.status:793: creating utilada_tests.gpr
config.status:793: creating utilada_conf.gpr

## ---------------- ##
## Cache variables. ##
## ---------------- ##

ac_cv_build=x86_64-pc-linux-gnu
ac_cv_c_compiler_gnu=yes
ac_cv_env_CC_set=
ac_cv_env_CC_value=
ac_cv_env_CFLAGS_set=
ac_cv_env_CFLAGS_value=
ac_cv_env_CPPFLAGS_set=
ac_cv_env_CPPFLAGS_value=
ac_cv_env_CPP_set=
ac_cv_env_CPP_value=
ac_cv_env_LDFLAGS_set=
ac_cv_env_LDFLAGS_value=
ac_cv_env_LIBS_set=
ac_cv_env_LIBS_value=
ac_cv_env_build_alias_set=
ac_cv_env_build_alias_value=
ac_cv_env_host_alias_set=
ac_cv_env_host_alias_value=
ac_cv_env_target_alias_set=
ac_cv_env_target_alias_value=
ac_cv_gnat_aws_version=2019
ac_cv_gnat_prefix=
ac_cv_gnat_project_aws=yes
ac_cv_gnat_project_lzmada=no
ac_cv_gnat_project_with_aws='with "aws";'
ac_cv_gnat_project_with_xmlada_sax='with "xmlada_sax";'
ac_cv_gnat_project_xmlada_sax=yes
ac_cv_gnat_xml_ada=xmlada-config
ac_cv_gnat_xml_ali_dir=lib
ac_cv_gnat_xml_config=
ac_cv_gnat_xml_inc_dir=include
ac_cv_gnat_xml_lib_dir=lib
ac_cv_gnat_xml_prj_dir=lib/gnat
ac_cv_gnat_xml_prl_dir=
ac_cv_gnat_xmlada_version=4
ac_cv_host=x86_64-pc-linux-gnu
ac_cv_lib_curl___curl_easy_perform=no
ac_cv_objext=o
ac_cv_path_install='/usr/bin/install -c'
ac_cv_proc_count=1
ac_cv_prog_GNAT=gnat
ac_cv_prog_GPRBUILD=gprbuild
ac_cv_prog_GPRCLEAN=gprclean
ac_cv_prog_GPRINSTALL=gprinstall
ac_cv_prog_ac_ct_CC=gcc
ac_cv_prog_cc_c89=
ac_cv_prog_cc_g=yes
ac_cv_prog_make_make_set=yes
ac_cv_target=x86_64-pc-linux-gnu

## ----------------- ##
## Output variables. ##
## ----------------- ##

ADA_ALI_BASE='lib'
ADA_INC_BASE='include'
ADA_LIB_BASE='lib'
ADA_PRJ_BASE='lib/gnat'
AWS_VERSION='2019'
BUILD='distrib'
BUILDS_COVERAGE='no'
BUILDS_DISTRIB='yes'
BUILDS_QUIET='-q'
BUILDS_SHARED='no'
CC='gcc'
CFLAGS='-g -O2'
CPP=''
CPPFLAGS=''
DEFAULT_LIBRARY_TYPE='static'
DEFS='-DPACKAGE_NAME=\"\" -DPACKAGE_TARNAME=\"\" -DPACKAGE_VERSION=\"\" -DPACKAGE_STRING=\"\" -DPACKAGE_BUGREPORT=\"\" -DPACKAGE_URL=\"\"'
ECHO_C=''
ECHO_N='-n'
ECHO_T=''
EGREP=''
EXEEXT=''
GNAT='gnat'
GNATCLEAN='gprclean'
GNATMAKE='gprbuild'
GPRBUILD='gprbuild'
GPRCLEAN='gprclean'
GPRINSTALL='gprinstall'
GREP=''
HARDWARE_PLATFORM='x86_64'
HAVE_DYNAMO=''
HAVE_PANDOC=''
HAVE_UTILGEN='no'
HAVE_XML_ADA='yes'
INSTALL_DATA='${INSTALL} -m 644'
INSTALL_PROGRAM='${INSTALL}'
INSTALL_SCRIPT='${INSTALL}'
LDFLAGS=''
LIBOBJS=''
LIBS=''
LN_S='ln -s'
LTLIBOBJS=''
NR_CPUS='1'
OBJEXT='o'
PACKAGE_BUGREPORT=''
PACKAGE_NAME=''
PACKAGE_STRING=''
PACKAGE_TARNAME=''
PACKAGE_URL=''
PACKAGE_VERSION=''
PATH_SEPARATOR=':'
SET_MAKE=''
SHELL='/bin/bash'
UTIL_ASM_TYPE='intrinsic'
UTIL_AWS_VERSION='2'
UTIL_CURL_LIBRARY_OPTIONS=''
UTIL_GNAT_TRACEBACK='yes'
UTIL_HAVE_AWS='yes'
UTIL_HAVE_CURL='no'
UTIL_HAVE_LZMA='no'
UTIL_LIBRARY_OPTIONS=''
UTIL_MAJOR_VERSION='2'
UTIL_MICRO_VERSION='0'
UTIL_MINOR_VERSION='4'
UTIL_OS_VERSION='linux64'
UTIL_VERSION='2.4.0'
UTIL_XUNIT_TYPE='ahven-unix'
VERSION_XML_ADA='4'
WITH_AUNIT=''
WITH_LZMA_ADA=''
WITH_SERVER='with "aws";'
WITH_UTILADA_LZMA=''
WITH_UTILADA_XML='with "utilada_xml";'
WITH_UTIL_AWS='with "utilada_aws";'
WITH_UTIL_CURL=''
WITH_XML_ADA='with "xmlada_sax";'
ac_ct_CC='gcc'
bindir='${exec_prefix}/bin'
build='x86_64-pc-linux-gnu'
build_alias=''
build_cpu='x86_64'
build_os='linux-gnu'
build_vendor='pc'
datadir='${datarootdir}'
datarootdir='${prefix}/share'
docdir='${datarootdir}/doc/${PACKAGE}'
dvidir='${docdir}'
exec_prefix='${prefix}'
host='x86_64-pc-linux-gnu'
host_alias=''
host_cpu='x86_64'
host_os='linux-gnu'
host_vendor='pc'
htmldir='${docdir}'
includedir='${prefix}/include'
infodir='${datarootdir}/info'
libdir='${exec_prefix}/lib'
libexecdir='${exec_prefix}/libexec'
localedir='${datarootdir}/locale'
localstatedir='${prefix}/var'
mandir='${datarootdir}/man'
oldincludedir='/usr/include'
pdfdir='${docdir}'
prefix='/usr/local'
program_transform_name='s,x,x,'
psdir='${docdir}'
runstatedir='${localstatedir}/run'
sbindir='${exec_prefix}/sbin'
sharedstatedir='${prefix}/com'
sysconfdir='${prefix}/etc'
target='x86_64-pc-linux-gnu'
target_alias=''
target_cpu='x86_64'
target_os='linux-gnu'
target_vendor='pc'

## ----------- ##
## confdefs.h. ##
## ----------- ##

/* confdefs.h */
#define PACKAGE_NAME ""
#define PACKAGE_TARNAME ""
#define PACKAGE_VERSION ""
#define PACKAGE_STRING ""
#define PACKAGE_BUGREPORT ""
#define PACKAGE_URL ""

configure: exit 0
