This file contains any messages produced by compilers while
running configure, to aid debugging if configure makes a mistake.

It was created by configure, which was
generated by GNU Autoconf 2.69.  Invocation command line was

  $ ./configure 

## --------- ##
## Platform. ##
## --------- ##

hostname = scada
uname -m = x86_64
uname -r = 4.9.0-9-amd64
uname -s = Linux
uname -v = #1 SMP Debian 4.9.168-1 (2019-04-12)

/usr/bin/uname -p = unknown
/bin/uname -X     = unknown

/bin/arch              = unknown
/usr/bin/arch -k       = unknown
/usr/convex/getsysinfo = unknown
/usr/bin/hostinfo      = unknown
/bin/machine           = unknown
/usr/bin/oslevel       = unknown
/bin/universe          = unknown

PATH: /usr/local/sbin
PATH: /usr/local/bin
PATH: /usr/sbin
PATH: /usr/bin
PATH: /sbin
PATH: /bin
PATH: /opt/GNAT/2019/bin
PATH: /opt/gps/bin
PATH: /usr/local
PATH: /opt/GNAT/2019/bin
PATH: /opt/gps/bin
PATH: /usr/local
PATH: /opt/GNAT/2019/bin
PATH: /opt/gps/bin
PATH: /usr/local


## ----------- ##
## Core tests. ##
## ----------- ##

configure:1932: checking build system type
configure:1946: result: x86_64-pc-linux-gnu
configure:1966: checking host system type
configure:1979: result: x86_64-pc-linux-gnu
configure:1999: checking target system type
configure:2012: result: x86_64-pc-linux-gnu
configure:2052: checking for a BSD-compatible install
configure:2120: result: /usr/bin/install -c
configure:2207: checking for gprbuild
configure:2223: found /opt/GNAT/2019/bin/gprbuild
configure:2234: result: gprbuild
configure:2302: checking for gprclean
configure:2318: found /opt/GNAT/2019/bin/gprclean
configure:2329: result: gprclean
configure:2393: checking for gprinstall
configure:2409: found /opt/GNAT/2019/bin/gprinstall
configure:2420: result: gprinstall
configure:2434: checking whether make sets $(MAKE)
configure:2456: result: yes
configure:2466: checking whether ln -s works
configure:2470: result: yes
configure:2478: checking shared library support
configure:2497: result: no
configure:2502: checking default library type
configure:2509: result: static
configure:2514: checking distribution build
configure:2533: result: yes
configure:2542: checking coverage support
configure:2553: result: no
configure:2565: checking number of processors
configure:2574: result: 4
configure:2580: checking preparing for GNAT project ado
configure:2583: result: done
configure:2590: checking for pandoc
configure:2620: result: no
configure:2627: checking for dynamo
configure:2657: result: no
configure:2711: checking for gcc
configure:2727: found /usr/bin/gcc
configure:2738: result: gcc
configure:2967: checking for C compiler version
configure:2976: gcc --version >&5
gcc (Debian 6.3.0-18+deb9u1) 6.3.0 20170516
Copyright (C) 2016 Free Software Foundation, Inc.
This is free software; see the source for copying conditions.  There is NO
warranty; not even for MERCHANTABILITY or FITNESS FOR A PARTICULAR PURPOSE.

configure:2987: $? = 0
configure:2976: gcc -v >&5
Using built-in specs.
COLLECT_GCC=gcc
COLLECT_LTO_WRAPPER=/usr/lib/gcc/x86_64-linux-gnu/6/lto-wrapper
Target: x86_64-linux-gnu
Configured with: ../src/configure -v --with-pkgversion='Debian 6.3.0-18+deb9u1' --with-bugurl=file:///usr/share/doc/gcc-6/README.Bugs --enable-languages=c,ada,c++,java,go,d,fortran,objc,obj-c++ --prefix=/usr --program-suffix=-6 --program-prefix=x86_64-linux-gnu- --enable-shared --enable-linker-build-id --libexecdir=/usr/lib --without-included-gettext --enable-threads=posix --libdir=/usr/lib --enable-nls --with-sysroot=/ --enable-clocale=gnu --enable-libstdcxx-debug --enable-libstdcxx-time=yes --with-default-libstdcxx-abi=new --enable-gnu-unique-object --disable-vtable-verify --enable-libmpx --enable-plugin --enable-default-pie --with-system-zlib --disable-browser-plugin --enable-java-awt=gtk --enable-gtk-cairo --with-java-home=/usr/lib/jvm/java-1.5.0-gcj-6-amd64/jre --enable-java-home --with-jvm-root-dir=/usr/lib/jvm/java-1.5.0-gcj-6-amd64 --with-jvm-jar-dir=/usr/lib/jvm-exports/java-1.5.0-gcj-6-amd64 --with-arch-directory=amd64 --with-ecj-jar=/usr/share/java/eclipse-ecj.jar --with-target-system-zlib --enable-objc-gc=auto --enable-multiarch --with-arch-32=i686 --with-abi=m64 --with-multilib-list=m32,m64,mx32 --enable-multilib --with-tune=generic --enable-checking=release --build=x86_64-linux-gnu --host=x86_64-linux-gnu --target=x86_64-linux-gnu
Thread model: posix
gcc version 6.3.0 20170516 (Debian 6.3.0-18+deb9u1) 
configure:2987: $? = 0
configure:2976: gcc -V >&5
gcc: error: unrecognized command line option '-V'
gcc: fatal error: no input files
compilation terminated.
configure:2987: $? = 1
configure:2976: gcc -qversion >&5
gcc: error: unrecognized command line option '-qversion'; did you mean '--version'?
gcc: fatal error: no input files
compilation terminated.
configure:2987: $? = 1
configure:3007: checking whether the C compiler works
configure:3029: gcc    conftest.c  >&5
configure:3033: $? = 0
configure:3081: result: yes
configure:3084: checking for C compiler default output file name
configure:3086: result: a.out
configure:3092: checking for suffix of executables
configure:3099: gcc -o conftest    conftest.c  >&5
configure:3103: $? = 0
configure:3125: result: 
configure:3147: checking whether we are cross compiling
configure:3155: gcc -o conftest    conftest.c  >&5
configure:3159: $? = 0
configure:3166: ./conftest
configure:3170: $? = 0
configure:3185: result: no
configure:3190: checking for suffix of object files
configure:3212: gcc -c   conftest.c >&5
configure:3216: $? = 0
configure:3237: result: o
configure:3241: checking whether we are using the GNU C compiler
configure:3260: gcc -c   conftest.c >&5
configure:3260: $? = 0
configure:3269: result: yes
configure:3278: checking whether gcc accepts -g
configure:3298: gcc -c -g  conftest.c >&5
configure:3298: $? = 0
configure:3339: result: yes
configure:3356: checking for gcc option to accept ISO C89
configure:3419: gcc  -c -g -O2  conftest.c >&5
configure:3419: $? = 0
configure:3432: result: none needed
configure:3496: checking MySQL configuration
configure:3506: result: mysql_config
configure:3595: checking for library containing mysql_init
configure:3626: gcc -o conftest -g -O2   conftest.c  >&5
/tmp/ccpmAL6t.o: In function `main':
/media/scada/SCADA/Instalasi TM1000/instalasi/ada-ado/conftest.c:20: undefined reference to `mysql_init'
collect2: error: ld returned 1 exit status
configure:3626: $? = 1
configure: failed program was:
| /* confdefs.h */
| #define PACKAGE_NAME ""
| #define PACKAGE_TARNAME ""
| #define PACKAGE_VERSION ""
| #define PACKAGE_STRING ""
| #define PACKAGE_BUGREPORT ""
| #define PACKAGE_URL ""
| /* end confdefs.h.  */
| 
| /* Override any GCC internal prototype to avoid an error.
|    Use char because int might match the return type of a GCC
|    builtin and then its argument prototype would still apply.  */
| #ifdef __cplusplus
| extern "C"
| #endif
| char mysql_init ();
| int
| main ()
| {
| return mysql_init ();
|   ;
|   return 0;
| }
configure:3626: gcc -o conftest -g -O2   conftest.c -lmysqlclient   >&5
/usr/bin/ld: cannot find -lmysqlclient
collect2: error: ld returned 1 exit status
configure:3626: $? = 1
configure: failed program was:
| /* confdefs.h */
| #define PACKAGE_NAME ""
| #define PACKAGE_TARNAME ""
| #define PACKAGE_VERSION ""
| #define PACKAGE_STRING ""
| #define PACKAGE_BUGREPORT ""
| #define PACKAGE_URL ""
| /* end confdefs.h.  */
| 
| /* Override any GCC internal prototype to avoid an error.
|    Use char because int might match the return type of a GCC
|    builtin and then its argument prototype would still apply.  */
| #ifdef __cplusplus
| extern "C"
| #endif
| char mysql_init ();
| int
| main ()
| {
| return mysql_init ();
|   ;
|   return 0;
| }
configure:3626: gcc -o conftest -g -O2   conftest.c -lmariadb   >&5
configure:3626: $? = 0
configure:3643: result: -lmariadb
configure:3665: checking for sqlite3_open in -lsqlite3
configure:3690: gcc -o conftest -g -O2   conftest.c -lsqlite3  -lmariadb  >&5
/usr/bin/ld: cannot find -lsqlite3
collect2: error: ld returned 1 exit status
configure:3690: $? = 1
configure: failed program was:
| /* confdefs.h */
| #define PACKAGE_NAME ""
| #define PACKAGE_TARNAME ""
| #define PACKAGE_VERSION ""
| #define PACKAGE_STRING ""
| #define PACKAGE_BUGREPORT ""
| #define PACKAGE_URL ""
| /* end confdefs.h.  */
| 
| /* Override any GCC internal prototype to avoid an error.
|    Use char because int might match the return type of a GCC
|    builtin and then its argument prototype would still apply.  */
| #ifdef __cplusplus
| extern "C"
| #endif
| char sqlite3_open ();
| int
| main ()
| {
| return sqlite3_open ();
|   ;
|   return 0;
| }
configure:3699: result: no
configure:3757: checking for PQexec in -lpq
configure:3782: gcc -o conftest -g -O2   conftest.c -lpq  -lmariadb  >&5
/usr/bin/ld: cannot find -lpq
collect2: error: ld returned 1 exit status
configure:3782: $? = 1
configure: failed program was:
| /* confdefs.h */
| #define PACKAGE_NAME ""
| #define PACKAGE_TARNAME ""
| #define PACKAGE_VERSION ""
| #define PACKAGE_STRING ""
| #define PACKAGE_BUGREPORT ""
| #define PACKAGE_URL ""
| /* end confdefs.h.  */
| 
| /* Override any GCC internal prototype to avoid an error.
|    Use char because int might match the return type of a GCC
|    builtin and then its argument prototype would still apply.  */
| #ifdef __cplusplus
| extern "C"
| #endif
| char PQexec ();
| int
| main ()
| {
| return PQexec ();
|   ;
|   return 0;
| }
configure:3791: result: no
configure:3897: checking Ada Utility Library
configure:3907: gnat ls -Pconftest.gpr system.ads > /dev/null 2>conftest.out
configure:3910: $? = 0
configure:3957: result: yes
configure:4014: checking whether xmlada_sax project exists
configure:4022: gnat ls -Pconftest.gpr system.ads > /dev/null 2>conftest.out
configure:4025: $? = 0
configure:4035: result: yes
configure:4066: checking XML/Ada version
configure:4107: result: 4
configure:4152: checking for additional linker options for libada_ado_mysql
configure:4160: result: none
configure:4171: checking for additional linker options for libada_ado_sqlite
configure:4179: result: none
configure:4190: checking for additional linker options for libada_ado_postgresql
configure:4198: result: none
configure:4354: creating ./config.status

## ---------------------- ##
## Running config.status. ##
## ---------------------- ##

This file was extended by config.status, which was
generated by GNU Autoconf 2.69.  Invocation command line was

  CONFIG_FILES    = 
  CONFIG_HEADERS  = 
  CONFIG_LINKS    = 
  CONFIG_COMMANDS = 
  $ ./config.status 

on scada

config.status:784: creating Makefile.conf
config.status:784: creating ado.gpr
config.status:784: creating ado_tests.gpr
config.status:784: creating samples.gpr
config.status:784: creating ado_mysql.gpr
config.status:784: creating ado_sqlite.gpr
config.status:784: creating ado_postgresql.gpr
config.status:784: creating ado_all.gpr
configure:5372: supported databases:  mysql

## ---------------- ##
## Cache variables. ##
## ---------------- ##

ac_cv_build=x86_64-pc-linux-gnu
ac_cv_c_compiler_gnu=yes
ac_cv_env_CC_set=
ac_cv_env_CC_value=
ac_cv_env_CFLAGS_set=
ac_cv_env_CFLAGS_value=
ac_cv_env_CPPFLAGS_set=
ac_cv_env_CPPFLAGS_value=
ac_cv_env_LDFLAGS_set=
ac_cv_env_LDFLAGS_value=
ac_cv_env_LIBS_set=
ac_cv_env_LIBS_value=
ac_cv_env_build_alias_set=
ac_cv_env_build_alias_value=
ac_cv_env_host_alias_set=
ac_cv_env_host_alias_value=
ac_cv_env_target_alias_set=
ac_cv_env_target_alias_value=
ac_cv_gnat_project_dir_utilada_base=
ac_cv_gnat_project_name_utilada_base=utilada_base
ac_cv_gnat_project_utilada_base=yes
ac_cv_gnat_project_with_utilada_base='with "utilada_base";'
ac_cv_gnat_project_with_xmlada_sax='with "xmlada_sax";'
ac_cv_gnat_project_xmlada_sax=yes
ac_cv_gnat_xmlada_version=4
ac_cv_host=x86_64-pc-linux-gnu
ac_cv_lib_pq_PQexec=no
ac_cv_lib_sqlite3_sqlite3_open=no
ac_cv_objext=o
ac_cv_path_install='/usr/bin/install -c'
ac_cv_proc_count=4
ac_cv_prog_GPRBUILD=gprbuild
ac_cv_prog_GPRCLEAN=gprclean
ac_cv_prog_GPRINSTALL=gprinstall
ac_cv_prog_ac_ct_CC=gcc
ac_cv_prog_cc_c89=
ac_cv_prog_cc_g=yes
ac_cv_prog_make_make_set=yes
ac_cv_search_mysql_init=-lmariadb
ac_cv_target=x86_64-pc-linux-gnu

## ----------------- ##
## Output variables. ##
## ----------------- ##

ADO_DATABASES_SRC_DIR=', "src/mysql"'
ADO_HAVE_MYSQL='yes'
ADO_HAVE_POSTGRESQL='no'
ADO_HAVE_SQLITE='no'
ADO_MAJOR_VERSION='2'
ADO_MICRO_VERSION='0'
ADO_MINOR_VERSION='1'
ADO_MYSQL_LIBRARY_OPTIONS=''
ADO_POSTGRESQL_LIBRARY_OPTIONS=''
ADO_SQLITE_LIBRARY_OPTIONS=''
ADO_TESTS_HARNESS=' "ado_mysql_harness"'
ADO_TESTS_SRC_DIR=', "regtests/mysql"'
ADO_VERSION='2.1.0'
BUILD='distrib'
BUILDS_COVERAGE='no'
BUILDS_DISTRIB='yes'
BUILDS_QUIET='-q'
BUILDS_SHARED='no'
CC='gcc'
CFLAGS='-g -O2'
CPPFLAGS=''
DEFAULT_LIBRARY_TYPE='static'
DEFS='-DPACKAGE_NAME=\"\" -DPACKAGE_TARNAME=\"\" -DPACKAGE_VERSION=\"\" -DPACKAGE_STRING=\"\" -DPACKAGE_BUGREPORT=\"\" -DPACKAGE_URL=\"\"'
ECHO_C=''
ECHO_N='-n'
ECHO_T=''
EXEEXT=''
GNATCLEAN='gprclean'
GNATMAKE='gprbuild'
GPRBUILD='gprbuild'
GPRCLEAN='gprclean'
GPRINSTALL='gprinstall'
HAVE_DYNAMO=''
HAVE_PANDOC=''
HAVE_XML_ADA='yes'
INSTALL_DATA='${INSTALL} -m 644'
INSTALL_PROGRAM='${INSTALL}'
INSTALL_SCRIPT='${INSTALL}'
LDFLAGS=''
LIBOBJS=''
LIBS='-lmariadb '
LN_S='ln -s'
LTLIBOBJS=''
MYSQL=''
MYSQL_LIBNAME='-lmariadb'
MYSQL_LIBS='-lmariadb'
NR_CPUS='4'
OBJEXT='o'
PACKAGE_BUGREPORT=''
PACKAGE_NAME=''
PACKAGE_STRING=''
PACKAGE_TARNAME=''
PACKAGE_URL=''
PACKAGE_VERSION=''
PATH_SEPARATOR=':'
PSQL_CHECK=''
SET_MAKE=''
SHELL='/bin/bash'
SQLITE3_CHECK=''
UTIL_DIR=''
VERSION_XML_ADA='4'
WITH_ADO_MYSQL='with "ado_mysql";'
WITH_ADO_POSTGRESQL=''
WITH_ADO_SQLITE=''
WITH_XML_ADA='with "xmlada_sax";'
ac_ct_CC='gcc'
awa_has_msys=''
bindir='${exec_prefix}/bin'
build='x86_64-pc-linux-gnu'
build_alias=''
build_cpu='x86_64'
build_os='linux-gnu'
build_vendor='pc'
datadir='${datarootdir}'
datarootdir='${prefix}/share'
docdir='${datarootdir}/doc/${PACKAGE}'
dvidir='${docdir}'
exec_prefix='${prefix}'
host='x86_64-pc-linux-gnu'
host_alias=''
host_cpu='x86_64'
host_os='linux-gnu'
host_vendor='pc'
htmldir='${docdir}'
includedir='${prefix}/include'
infodir='${datarootdir}/info'
libdir='${exec_prefix}/lib'
libexecdir='${exec_prefix}/libexec'
localedir='${datarootdir}/locale'
localstatedir='${prefix}/var'
mandir='${datarootdir}/man'
oldincludedir='/usr/include'
pdfdir='${docdir}'
prefix='/usr/local'
program_transform_name='s,x,x,'
psdir='${docdir}'
runstatedir='${localstatedir}/run'
sbindir='${exec_prefix}/sbin'
sharedstatedir='${prefix}/com'
sysconfdir='${prefix}/etc'
target='x86_64-pc-linux-gnu'
target_alias=''
target_cpu='x86_64'
target_os='linux-gnu'
target_vendor='pc'

## ----------- ##
## confdefs.h. ##
## ----------- ##

/* confdefs.h */
#define PACKAGE_NAME ""
#define PACKAGE_TARNAME ""
#define PACKAGE_VERSION ""
#define PACKAGE_STRING ""
#define PACKAGE_BUGREPORT ""
#define PACKAGE_URL ""

configure: exit 0
